c:\users\csong200\desktop\coursework\debug\lab1.bsc
c:\users\csong200\desktop\coursework\lab1\debug\vc120.pdb
c:\users\csong200\desktop\coursework\lab1\debug\vc120.idb
c:\users\csong200\desktop\coursework\lab1\debug\windowscreen.sbr
c:\users\csong200\desktop\coursework\lab1\debug\objecttexture.sbr
c:\users\csong200\desktop\coursework\lab1\debug\myshader.sbr
c:\users\csong200\desktop\coursework\lab1\debug\obj_loader.sbr
c:\users\csong200\desktop\coursework\lab1\debug\modelmesh.sbr
c:\users\csong200\desktop\coursework\lab1\debug\main.sbr
c:\users\csong200\desktop\coursework\lab1\debug\gameprocess.sbr
c:\users\csong200\desktop\coursework\lab1\debug\gameprocess.obj
c:\users\csong200\desktop\coursework\lab1\debug\main.obj
c:\users\csong200\desktop\coursework\lab1\debug\modelmesh.obj
c:\users\csong200\desktop\coursework\lab1\debug\obj_loader.obj
c:\users\csong200\desktop\coursework\lab1\debug\myshader.obj
c:\users\csong200\desktop\coursework\lab1\debug\objecttexture.obj
c:\users\csong200\desktop\coursework\lab1\debug\windowscreen.obj
c:\users\csong200\desktop\coursework\lab1\debug\stb_image.sbr
c:\users\csong200\desktop\coursework\lab1\debug\stb_image.obj
c:\users\csong200\desktop\coursework\debug\lab1.ilk
c:\users\csong200\desktop\coursework\debug\lab1.exe
c:\users\csong200\desktop\coursework\debug\lab1.pdb
c:\users\csong200\desktop\coursework\lab1\debug\lab1.tlog\bscmake.command.1.tlog
c:\users\csong200\desktop\coursework\lab1\debug\lab1.tlog\bscmake.read.1.tlog
c:\users\csong200\desktop\coursework\lab1\debug\lab1.tlog\bscmake.write.1.tlog
c:\users\csong200\desktop\coursework\lab1\debug\lab1.tlog\cl.command.1.tlog
c:\users\csong200\desktop\coursework\lab1\debug\lab1.tlog\cl.read.1.tlog
c:\users\csong200\desktop\coursework\lab1\debug\lab1.tlog\cl.write.1.tlog
c:\users\csong200\desktop\coursework\lab1\debug\lab1.tlog\link.command.1.tlog
c:\users\csong200\desktop\coursework\lab1\debug\lab1.tlog\link.read.1.tlog
c:\users\csong200\desktop\coursework\lab1\debug\lab1.tlog\link.write.1.tlog
