Build started 30/04/2017 15:25:44.
     1>Project "C:\Users\csong200\Desktop\Coursework\Lab1\Lab1.vcxproj" on node 2 (Rebuild target(s)).
     1>ClCompile:
         C:\Program Files (x86)\Microsoft Visual Studio 12.0\VC\bin\CL.exe /c /ZI /nologo /W3 /WX- /sdl /Od /Oy- /D _CRT_SECURE_NO_WARNINGS /D _MBCS /Gm /EHsc /RTC1 /MTd /GS /fp:precise /Zc:wchar_t /Zc:forScope /Fo"Debug\\" /Fd"Debug\vc120.pdb" /FR"Debug\\" /Gd /TP /analyze- /errorReport:prompt GameProcess.cpp Main.cpp ModelMesh.cpp obj_loader.cpp MyShader.cpp ObjectTexture.cpp WindowScreen.cpp
         WindowScreen.cpp
         ObjectTexture.cpp
         MyShader.cpp
         obj_loader.cpp
     1>c:\users\csong200\desktop\coursework\lab1\obj_loader.cpp(378): warning C4244: 'return' : conversion from 'double' to 'float', possible loss of data
         ModelMesh.cpp
         Main.cpp
         GameProcess.cpp
     1>c:\users\csong200\desktop\coursework\lab1\gameprocess.cpp(92): warning C4244: 'argument' : conversion from 'Sint32' to 'float', possible loss of data
         Generating Code...
         C:\Program Files (x86)\Microsoft Visual Studio 12.0\VC\bin\CL.exe /c /ZI /nologo /W3 /WX- /sdl /Od /Oy- /D _CRT_SECURE_NO_WARNINGS /D _MBCS /Gm /EHsc /RTC1 /MTd /GS /fp:precise /Zc:wchar_t /Zc:forScope /Fo"Debug\\" /Fd"Debug\vc120.pdb" /FR"Debug\\" /Gd /TC /analyze- /errorReport:prompt stb_image.c
         stb_image.c
       Link:
         C:\Program Files (x86)\Microsoft Visual Studio 12.0\VC\bin\link.exe /ERRORREPORT:PROMPT /OUT:"C:\Users\csong200\Desktop\Coursework\Debug\Lab1.exe" /INCREMENTAL /NOLOGO SDL2.lib SDL2main.lib opengl32.lib glew32.lib kernel32.lib user32.lib gdi32.lib winspool.lib comdlg32.lib advapi32.lib shell32.lib ole32.lib oleaut32.lib uuid.lib odbc32.lib odbccp32.lib /MANIFEST /MANIFESTUAC:"level='asInvoker' uiAccess='false'" /manifest:embed /DEBUG /PDB:"C:\Users\csong200\Desktop\Coursework\Debug\Lab1.pdb" /SUBSYSTEM:CONSOLE /TLBID:1 /DYNAMICBASE /NXCOMPAT /IMPLIB:"C:\Users\csong200\Desktop\Coursework\Debug\Lab1.lib" /MACHINE:X86 Debug\GameProcess.obj
         Debug\Main.obj
         Debug\ModelMesh.obj
         Debug\obj_loader.obj
         Debug\MyShader.obj
         Debug\stb_image.obj
         Debug\ObjectTexture.obj
         Debug\WindowScreen.obj
         Lab1.vcxproj -> C:\Users\csong200\Desktop\Coursework\Debug\Lab1.exe
       BscMake:
         C:\Program Files (x86)\Microsoft Visual Studio 12.0\VC\bin\bscmake.exe /nologo /o"C:\Users\csong200\Desktop\Coursework\Debug\Lab1.bsc" /n Debug\GameProcess.sbr Debug\Main.sbr Debug\ModelMesh.sbr Debug\obj_loader.sbr Debug\MyShader.sbr Debug\stb_image.sbr Debug\ObjectTexture.sbr Debug\WindowScreen.sbr
     1>Done Building Project "C:\Users\csong200\Desktop\Coursework\Lab1\Lab1.vcxproj" (Rebuild target(s)).

Build succeeded.

Time Elapsed 00:00:12.62
